2026-03-05 22:24:25,427 - INFO - Starting load_students
2026-03-05 22:24:25,430 - INFO - load_students took 0.00 seconds
2026-03-05 22:24:25,431 - INFO - Finished load_students
2026-03-05 22:24:25,432 - INFO - Starting generate_summary
2026-03-05 22:24:25,432 - INFO - Finished generate_summary
2026-03-05 22:25:10,330 - INFO - Starting load_students
2026-03-05 22:25:10,331 - INFO - load_students took 0.00 seconds
2026-03-05 22:25:10,332 - INFO - Finished load_students
2026-03-05 22:25:10,332 - INFO - Starting generate_summary
2026-03-05 22:25:10,332 - INFO - Finished generate_summary
2026-03-05 22:30:57,758 - INFO - Starting load_students
2026-03-05 22:30:57,760 - INFO - load_students took 0.00 seconds
2026-03-05 22:30:57,760 - INFO - Finished load_students
2026-03-05 22:30:59,168 - INFO - Starting generate_summary
2026-03-05 22:30:59,168 - INFO - Finished generate_summary
2026-03-05 22:45:19,528 - INFO - Starting load_students
2026-03-05 22:45:19,530 - INFO - load_students took 0.00 seconds
2026-03-05 22:45:19,530 - INFO - Finished load_students
2026-03-05 22:45:20,541 - INFO - Starting generate_summary
2026-03-05 22:45:20,541 - INFO - Finished generate_summary
2026-03-06 11:03:07,370 - INFO - Starting load_students
2026-03-06 11:03:07,372 - INFO - load_students took 0.00 seconds
2026-03-06 11:03:07,373 - INFO - Finished load_students
2026-03-06 11:03:08,385 - INFO - Starting generate_summary
2026-03-06 11:03:08,385 - INFO - Finished generate_summary
2026-03-06 11:14:22,599 - INFO - Starting load_students
2026-03-06 11:14:22,612 - INFO - load_students took 0.01 seconds
2026-03-06 11:14:22,612 - INFO - Finished load_students
2026-03-06 11:14:23,624 - INFO - Starting generate_summary
2026-03-06 11:14:23,625 - INFO - Finished generate_summary
2026-03-06 11:15:52,514 - INFO - Starting load_students
2026-03-06 11:15:52,516 - INFO - load_students took 0.00 seconds
2026-03-06 11:15:52,516 - INFO - Finished load_students
2026-03-06 11:15:53,540 - INFO - Starting generate_summary
2026-03-06 11:15:53,541 - INFO - Finished generate_summary
2026-03-06 11:16:27,706 - INFO - Starting load_students
2026-03-06 11:16:27,708 - INFO - load_students took 0.00 seconds
2026-03-06 11:16:27,708 - INFO - Finished load_students
2026-03-06 11:16:28,729 - INFO - Starting generate_summary
2026-03-06 11:16:28,735 - INFO - Finished generate_summary
